2015.03.18 11:37:44.962 INFO  servlets.example.HelloWorld 28 doGet - [http-bio-8080-exec-3][HelloWorld.java:28] - This is a logging statement from log4j in HelloServlet
2015.03.18 11:37:44.983 DEBUG servlets.example.HelloWorld 29 doGet - [http-bio-8080-exec-3][HelloWorld.java:29] - debug message
2015.03.18 11:37:44.983 INFO  servlets.example.HelloWorld 30 doGet - [http-bio-8080-exec-3][HelloWorld.java:30] - info message
2015.03.18 11:37:44.984 WARN  servlets.example.HelloWorld 31 doGet - [http-bio-8080-exec-3][HelloWorld.java:31] - warn message
2015.03.18 11:37:44.984 ERROR servlets.example.HelloWorld 32 doGet - [http-bio-8080-exec-3][HelloWorld.java:32] - error message
2015.03.18 11:37:44.985 FATAL servlets.example.HelloWorld 33 doGet - [http-bio-8080-exec-3][HelloWorld.java:33] - fatal message
2015.03.18 11:37:45.538 DEBUG servlets.example.HelloWorld 41 doGet - [http-bio-8080-exec-3][HelloWorld.java:41] - parameter color value is null, use default value:
2015.03.18 11:37:45.540 DEBUG servlets.example.HelloWorld 58 doGet - [http-bio-8080-exec-3][HelloWorld.java:58] - <!DOCTYPE html PUBLIC "-//W3C//DTD HTML 4.01 Transitional//EN" "http://www.w3.org/TR/html4/loose.dtd">
<html> 
<head> 
<meta http-equiv="Content-Type" content="text/html" charset=ISO-8859-1"> 
<title> My first jsp  </title> 
</head> 
<body> 
 <font size="12px" color="blue">Hello World</font> 
</body> 
</html>
2015.03.18 11:38:47.047 INFO  servlets.example.HelloWorld 28 doGet - [http-bio-8080-exec-3][HelloWorld.java:28] - This is a logging statement from log4j in HelloServlet
2015.03.18 11:38:47.051 DEBUG servlets.example.HelloWorld 29 doGet - [http-bio-8080-exec-3][HelloWorld.java:29] - debug message
2015.03.18 11:38:47.051 INFO  servlets.example.HelloWorld 30 doGet - [http-bio-8080-exec-3][HelloWorld.java:30] - info message
2015.03.18 11:38:47.052 WARN  servlets.example.HelloWorld 31 doGet - [http-bio-8080-exec-3][HelloWorld.java:31] - warn message
2015.03.18 11:38:47.056 ERROR servlets.example.HelloWorld 32 doGet - [http-bio-8080-exec-3][HelloWorld.java:32] - error message
2015.03.18 11:38:47.056 FATAL servlets.example.HelloWorld 33 doGet - [http-bio-8080-exec-3][HelloWorld.java:33] - fatal message
2015.03.18 11:38:47.057 DEBUG servlets.example.HelloWorld 41 doGet - [http-bio-8080-exec-3][HelloWorld.java:41] - parameter color value is null, use default value:
2015.03.18 11:38:47.058 DEBUG servlets.example.HelloWorld 58 doGet - [http-bio-8080-exec-3][HelloWorld.java:58] - <!DOCTYPE html PUBLIC "-//W3C//DTD HTML 4.01 Transitional//EN" "http://www.w3.org/TR/html4/loose.dtd">
<html> 
<head> 
<meta http-equiv="Content-Type" content="text/html" charset=ISO-8859-1"> 
<title> My first jsp  </title> 
</head> 
<body> 
 <font size="12px" color="blue">Hello World</font> 
</body> 
</html>
